<?xml version="1.0" encoding="UTF-8"?>
<coverage generated="1741448992090" clover="3.2.0">
  <project timestamp="1741448992091" name="All files">
    <metrics statements="85" coveredstatements="82" conditionals="26" coveredconditionals="19" methods="9" coveredmethods="9" elements="120" coveredelements="110" complexity="0" loc="85" ncloc="85" packages="1" files="1" classes="1"/>
    <file name="convert.ts" path="/Users/konsti/Documents/git/revideo/docs-app-router/scripts/convert.ts">
      <metrics statements="85" coveredstatements="82" conditionals="26" coveredconditionals="19" methods="9" coveredmethods="9"/>
      <line num="1" count="5" type="stmt"/>
      <line num="2" count="5" type="stmt"/>
      <line num="3" count="5" type="stmt"/>
      <line num="12" count="5" type="stmt"/>
      <line num="17" count="5" type="stmt"/>
      <line num="19" count="5" type="cond" truecount="1" falsecount="0"/>
      <line num="20" count="3" type="stmt"/>
      <line num="21" count="3" type="stmt"/>
      <line num="24" count="5" type="stmt"/>
      <line num="25" count="9" type="stmt"/>
      <line num="28" count="5" type="stmt"/>
      <line num="29" count="5" type="stmt"/>
      <line num="35" count="5" type="stmt"/>
      <line num="38" count="9" type="stmt"/>
      <line num="44" count="5" type="cond" truecount="1" falsecount="0"/>
      <line num="46" count="6" type="stmt"/>
      <line num="49" count="6" type="stmt"/>
      <line num="52" count="6" type="cond" truecount="1" falsecount="0"/>
      <line num="53" count="1" type="cond" truecount="1" falsecount="1"/>
      <line num="55" count="1" type="stmt"/>
      <line num="61" count="1" type="stmt"/>
      <line num="69" count="6" type="stmt"/>
      <line num="72" count="6" type="stmt"/>
      <line num="73" count="6" type="cond" truecount="1" falsecount="0"/>
      <line num="74" count="4" type="stmt"/>
      <line num="78" count="6" type="stmt"/>
      <line num="79" count="6" type="stmt"/>
      <line num="82" count="6" type="stmt"/>
      <line num="83" count="6" type="stmt"/>
      <line num="84" count="6" type="stmt"/>
      <line num="86" count="6" type="stmt"/>
      <line num="92" count="5" type="cond" truecount="1" falsecount="0"/>
      <line num="94" count="6" type="stmt"/>
      <line num="97" count="6" type="cond" truecount="2" falsecount="0"/>
      <line num="100" count="6" type="stmt"/>
      <line num="103" count="6" type="stmt"/>
      <line num="104" count="6" type="stmt"/>
      <line num="107" count="6" type="stmt"/>
      <line num="108" count="5" type="stmt"/>
      <line num="109" count="5" type="stmt"/>
      <line num="112" count="5" type="cond" truecount="1" falsecount="0"/>
      <line num="114" count="1" type="stmt"/>
      <line num="115" count="1" type="stmt"/>
      <line num="116" count="1" type="stmt"/>
      <line num="117" count="1" type="stmt"/>
      <line num="121" count="4" type="cond" truecount="0" falsecount="1"/>
      <line num="122" count="0" type="stmt"/>
      <line num="126" count="4" type="cond" truecount="3" falsecount="0"/>
      <line num="127" count="1" type="stmt"/>
      <line num="130" count="3" type="stmt"/>
      <line num="133" count="3" type="cond" truecount="2" falsecount="0"/>
      <line num="134" count="3" type="stmt"/>
      <line num="137" count="3" type="stmt"/>
      <line num="140" count="3" type="cond" truecount="2" falsecount="0"/>
      <line num="141" count="2" type="stmt"/>
      <line num="146" count="1" type="stmt"/>
      <line num="154" count="6" type="stmt"/>
      <line num="155" count="1" type="cond" truecount="1" falsecount="2"/>
      <line num="156" count="0" type="stmt"/>
      <line num="158" count="1" type="cond" truecount="0" falsecount="1"/>
      <line num="159" count="1" type="cond" truecount="0" falsecount="1"/>
      <line num="160" count="1" type="stmt"/>
      <line num="164" count="6" type="stmt"/>
      <line num="165" count="6" type="cond" truecount="1" falsecount="0"/>
      <line num="166" count="2" type="stmt"/>
      <line num="169" count="6" type="stmt"/>
      <line num="172" count="5" type="stmt"/>
      <line num="174" count="2" type="stmt"/>
      <line num="177" count="2" type="stmt"/>
      <line num="178" count="2" type="stmt"/>
      <line num="179" count="2" type="stmt"/>
      <line num="182" count="2" type="cond" truecount="1" falsecount="0"/>
      <line num="184" count="1" type="stmt"/>
      <line num="185" count="1" type="stmt"/>
      <line num="189" count="2" type="stmt"/>
      <line num="190" count="2" type="stmt"/>
      <line num="193" count="2" type="stmt"/>
      <line num="194" count="2" type="stmt"/>
      <line num="197" count="2" type="stmt"/>
      <line num="198" count="2" type="stmt"/>
      <line num="199" count="2" type="stmt"/>
      <line num="201" count="2" type="stmt"/>
      <line num="204" count="2" type="stmt"/>
      <line num="208" count="5" type="cond" truecount="0" falsecount="1"/>
      <line num="209" count="0" type="stmt"/>
    </file>
  </project>
</coverage>
