{"/Users/konsti/Documents/git/revideo/docs-app-router/scripts/convert.ts": {"path":"/Users/konsti/Documents/git/revideo/docs-app-router/scripts/convert.ts","statementMap":{"0":{"start":{"line":17,"column":0},"end":{"line":17,"column":16}},"1":{"start":{"line":35,"column":0},"end":{"line":35,"column":16}},"2":{"start":{"line":44,"column":0},"end":{"line":44,"column":16}},"3":{"start":{"line":92,"column":0},"end":{"line":92,"column":16}},"4":{"start":{"line":172,"column":0},"end":{"line":172,"column":16}},"5":{"start":{"line":1,"column":0},"end":{"line":1,"column":20}},"6":{"start":{"line":2,"column":0},"end":{"line":2,"column":24}},"7":{"start":{"line":3,"column":0},"end":{"line":3,"column":33}},"8":{"start":{"line":12,"column":11},"end":{"line":12,"column":38}},"9":{"start":{"line":19,"column":1},"end":{"line":22,"column":2}},"10":{"start":{"line":20,"column":2},"end":{"line":20,"column":43}},"11":{"start":{"line":21,"column":2},"end":{"line":21,"column":61}},"12":{"start":{"line":24,"column":21},"end":{"line":27,"column":2}},"13":{"start":{"line":25,"column":22},"end":{"line":25,"column":40}},"14":{"start":{"line":28,"column":1},"end":{"line":28,"column":63}},"15":{"start":{"line":29,"column":1},"end":{"line":29,"column":20}},"16":{"start":{"line":38,"column":1},"end":{"line":38,"column":57}},"17":{"start":{"line":46,"column":17},"end":{"line":46,"column":52}},"18":{"start":{"line":49,"column":50},"end":{"line":49,"column":65}},"19":{"start":{"line":52,"column":1},"end":{"line":66,"column":2}},"20":{"start":{"line":53,"column":18},"end":{"line":53,"column":94}},"21":{"start":{"line":55,"column":3},"end":{"line":59,"column":34}},"22":{"start":{"line":61,"column":2},"end":{"line":65,"column":5}},"23":{"start":{"line":69,"column":24},"end":{"line":69,"column":52}},"24":{"start":{"line":72,"column":17},"end":{"line":72,"column":39}},"25":{"start":{"line":73,"column":1},"end":{"line":75,"column":2}},"26":{"start":{"line":74,"column":2},"end":{"line":74,"column":43}},"27":{"start":{"line":78,"column":22},"end":{"line":78,"column":56}},"28":{"start":{"line":79,"column":1},"end":{"line":79,"column":42}},"29":{"start":{"line":82,"column":24},"end":{"line":82,"column":64}},"30":{"start":{"line":83,"column":22},"end":{"line":83,"column":60}},"31":{"start":{"line":84,"column":1},"end":{"line":84,"column":64}},"32":{"start":{"line":86,"column":1},"end":{"line":86,"column":20}},"33":{"start":{"line":94,"column":1},"end":{"line":94,"column":52}},"34":{"start":{"line":97,"column":15},"end":{"line":97,"column":46}},"35":{"start":{"line":100,"column":22},"end":{"line":100,"column":67}},"36":{"start":{"line":100,"column":45},"end":{"line":100,"column":66}},"37":{"start":{"line":103,"column":31},"end":{"line":103,"column":33}},"38":{"start":{"line":104,"column":52},"end":{"line":104,"column":54}},"39":{"start":{"line":107,"column":1},"end":{"line":151,"column":2}},"40":{"start":{"line":108,"column":21},"end":{"line":108,"column":47}},"41":{"start":{"line":109,"column":16},"end":{"line":109,"column":39}},"42":{"start":{"line":112,"column":2},"end":{"line":118,"column":3}},"43":{"start":{"line":114,"column":22},"end":{"line":114,"column":46}},"44":{"start":{"line":115,"column":3},"end":{"line":115,"column":60}},"45":{"start":{"line":116,"column":3},"end":{"line":116,"column":26}},"46":{"start":{"line":117,"column":3},"end":{"line":117,"column":12}},"47":{"start":{"line":121,"column":2},"end":{"line":123,"column":3}},"48":{"start":{"line":122,"column":3},"end":{"line":122,"column":58}},"49":{"start":{"line":126,"column":2},"end":{"line":128,"column":3}},"50":{"start":{"line":127,"column":3},"end":{"line":127,"column":12}},"51":{"start":{"line":130,"column":19},"end":{"line":130,"column":50}},"52":{"start":{"line":133,"column":23},"end":{"line":133,"column":77}},"53":{"start":{"line":134,"column":19},"end":{"line":134,"column":51}},"54":{"start":{"line":137,"column":22},"end":{"line":137,"column":74}},"55":{"start":{"line":140,"column":2},"end":{"line":150,"column":3}},"56":{"start":{"line":141,"column":3},"end":{"line":144,"column":6}},"57":{"start":{"line":146,"column":3},"end":{"line":149,"column":6}},"58":{"start":{"line":154,"column":1},"end":{"line":161,"column":4}},"59":{"start":{"line":155,"column":2},"end":{"line":157,"column":3}},"60":{"start":{"line":156,"column":3},"end":{"line":156,"column":39}},"61":{"start":{"line":158,"column":2},"end":{"line":158,"column":41}},"62":{"start":{"line":158,"column":32},"end":{"line":158,"column":41}},"63":{"start":{"line":159,"column":2},"end":{"line":159,"column":42}},"64":{"start":{"line":159,"column":32},"end":{"line":159,"column":42}},"65":{"start":{"line":160,"column":2},"end":{"line":160,"column":33}},"66":{"start":{"line":164,"column":19},"end":{"line":164,"column":77}},"67":{"start":{"line":164,"column":43},"end":{"line":164,"column":52}},"68":{"start":{"line":165,"column":1},"end":{"line":167,"column":2}},"69":{"start":{"line":166,"column":2},"end":{"line":166,"column":37}},"70":{"start":{"line":169,"column":1},"end":{"line":169,"column":29}},"71":{"start":{"line":174,"column":1},"end":{"line":174,"column":16}},"72":{"start":{"line":177,"column":18},"end":{"line":177,"column":51}},"73":{"start":{"line":178,"column":20},"end":{"line":178,"column":59}},"74":{"start":{"line":179,"column":18},"end":{"line":179,"column":55}},"75":{"start":{"line":182,"column":1},"end":{"line":186,"column":2}},"76":{"start":{"line":184,"column":2},"end":{"line":184,"column":44}},"77":{"start":{"line":185,"column":2},"end":{"line":185,"column":60}},"78":{"start":{"line":189,"column":1},"end":{"line":189,"column":53}},"79":{"start":{"line":190,"column":1},"end":{"line":190,"column":43}},"80":{"start":{"line":193,"column":1},"end":{"line":193,"column":72}},"81":{"start":{"line":194,"column":1},"end":{"line":194,"column":40}},"82":{"start":{"line":197,"column":23},"end":{"line":197,"column":60}},"83":{"start":{"line":198,"column":1},"end":{"line":198,"column":69}},"84":{"start":{"line":199,"column":1},"end":{"line":199,"column":72}},"85":{"start":{"line":201,"column":1},"end":{"line":201,"column":37}},"86":{"start":{"line":204,"column":1},"end":{"line":204,"column":23}},"87":{"start":{"line":208,"column":0},"end":{"line":210,"column":1}},"88":{"start":{"line":209,"column":1},"end":{"line":209,"column":8}}},"fnMap":{"0":{"name":"createMetaFile","decl":{"start":{"line":17,"column":16},"end":{"line":17,"column":30}},"loc":{"start":{"line":17,"column":63},"end":{"line":30,"column":1}}},"1":{"name":"(anonymous_2)","decl":{"start":{"line":25,"column":12},"end":{"line":25,"column":13}},"loc":{"start":{"line":25,"column":22},"end":{"line":25,"column":40}}},"2":{"name":"removeInfoBlocks","decl":{"start":{"line":35,"column":16},"end":{"line":35,"column":32}},"loc":{"start":{"line":35,"column":48},"end":{"line":39,"column":1}}},"3":{"name":"processMdxFile","decl":{"start":{"line":44,"column":16},"end":{"line":44,"column":30}},"loc":{"start":{"line":44,"column":107},"end":{"line":87,"column":1}}},"4":{"name":"processDirectory","decl":{"start":{"line":92,"column":16},"end":{"line":92,"column":32}},"loc":{"start":{"line":92,"column":107},"end":{"line":170,"column":1}}},"5":{"name":"(anonymous_6)","decl":{"start":{"line":100,"column":35},"end":{"line":100,"column":36}},"loc":{"start":{"line":100,"column":45},"end":{"line":100,"column":66}}},"6":{"name":"(anonymous_7)","decl":{"start":{"line":154,"column":12},"end":{"line":154,"column":13}},"loc":{"start":{"line":154,"column":21},"end":{"line":161,"column":2}}},"7":{"name":"(anonymous_8)","decl":{"start":{"line":164,"column":33},"end":{"line":164,"column":34}},"loc":{"start":{"line":164,"column":43},"end":{"line":164,"column":52}}},"8":{"name":"main","decl":{"start":{"line":172,"column":16},"end":{"line":172,"column":20}},"loc":{"start":{"line":172,"column":20},"end":{"line":205,"column":1}}}},"branchMap":{"0":{"loc":{"start":{"line":19,"column":1},"end":{"line":22,"column":2}},"type":"if","locations":[{"start":{"line":19,"column":1},"end":{"line":22,"column":2}}]},"1":{"loc":{"start":{"line":44,"column":69},"end":{"line":44,"column":107}},"type":"default-arg","locations":[{"start":{"line":44,"column":98},"end":{"line":44,"column":107}}]},"2":{"loc":{"start":{"line":52,"column":1},"end":{"line":66,"column":2}},"type":"if","locations":[{"start":{"line":52,"column":1},"end":{"line":66,"column":2}}]},"3":{"loc":{"start":{"line":53,"column":18},"end":{"line":53,"column":94}},"type":"cond-expr","locations":[{"start":{"line":53,"column":53},"end":{"line":53,"column":69}},{"start":{"line":53,"column":72},"end":{"line":53,"column":94}}]},"4":{"loc":{"start":{"line":73,"column":1},"end":{"line":75,"column":2}},"type":"if","locations":[{"start":{"line":73,"column":1},"end":{"line":75,"column":2}}]},"5":{"loc":{"start":{"line":92,"column":69},"end":{"line":92,"column":107}},"type":"default-arg","locations":[{"start":{"line":92,"column":98},"end":{"line":92,"column":107}}]},"6":{"loc":{"start":{"line":97,"column":15},"end":{"line":97,"column":46}},"type":"binary-expr","locations":[{"start":{"line":97,"column":15},"end":{"line":97,"column":40}},{"start":{"line":97,"column":44},"end":{"line":97,"column":46}}]},"7":{"loc":{"start":{"line":112,"column":2},"end":{"line":118,"column":3}},"type":"if","locations":[{"start":{"line":112,"column":2},"end":{"line":118,"column":3}}]},"8":{"loc":{"start":{"line":121,"column":2},"end":{"line":123,"column":3}},"type":"if","locations":[{"start":{"line":121,"column":2},"end":{"line":123,"column":3}}]},"9":{"loc":{"start":{"line":126,"column":2},"end":{"line":128,"column":3}},"type":"if","locations":[{"start":{"line":126,"column":2},"end":{"line":128,"column":3}}]},"10":{"loc":{"start":{"line":126,"column":6},"end":{"line":126,"column":53}},"type":"binary-expr","locations":[{"start":{"line":126,"column":6},"end":{"line":126,"column":28}},{"start":{"line":126,"column":32},"end":{"line":126,"column":53}}]},"11":{"loc":{"start":{"line":133,"column":23},"end":{"line":133,"column":77}},"type":"cond-expr","locations":[{"start":{"line":133,"column":46},"end":{"line":133,"column":57}},{"start":{"line":133,"column":60},"end":{"line":133,"column":77}}]},"12":{"loc":{"start":{"line":140,"column":2},"end":{"line":150,"column":3}},"type":"if","locations":[{"start":{"line":140,"column":2},"end":{"line":150,"column":3}},{"start":{"line":145,"column":9},"end":{"line":150,"column":3}}]},"13":{"loc":{"start":{"line":155,"column":2},"end":{"line":157,"column":3}},"type":"if","locations":[{"start":{"line":155,"column":2},"end":{"line":157,"column":3}}]},"14":{"loc":{"start":{"line":155,"column":6},"end":{"line":155,"column":58}},"type":"binary-expr","locations":[{"start":{"line":155,"column":6},"end":{"line":155,"column":30}},{"start":{"line":155,"column":34},"end":{"line":155,"column":58}}]},"15":{"loc":{"start":{"line":158,"column":2},"end":{"line":158,"column":41}},"type":"if","locations":[{"start":{"line":158,"column":2},"end":{"line":158,"column":41}}]},"16":{"loc":{"start":{"line":159,"column":2},"end":{"line":159,"column":42}},"type":"if","locations":[{"start":{"line":159,"column":2},"end":{"line":159,"column":42}}]},"17":{"loc":{"start":{"line":165,"column":1},"end":{"line":167,"column":2}},"type":"if","locations":[{"start":{"line":165,"column":1},"end":{"line":167,"column":2}}]},"18":{"loc":{"start":{"line":182,"column":1},"end":{"line":186,"column":2}},"type":"if","locations":[{"start":{"line":182,"column":1},"end":{"line":186,"column":2}}]},"19":{"loc":{"start":{"line":208,"column":0},"end":{"line":210,"column":1}},"type":"if","locations":[{"start":{"line":208,"column":0},"end":{"line":210,"column":1}}]}},"s":{"0":5,"1":5,"2":5,"3":5,"4":5,"5":5,"6":5,"7":5,"8":5,"9":5,"10":3,"11":3,"12":5,"13":9,"14":5,"15":5,"16":9,"17":6,"18":6,"19":6,"20":1,"21":1,"22":1,"23":6,"24":6,"25":6,"26":4,"27":6,"28":6,"29":6,"30":6,"31":6,"32":6,"33":6,"34":6,"35":6,"36":6,"37":6,"38":6,"39":6,"40":5,"41":5,"42":5,"43":1,"44":1,"45":1,"46":1,"47":4,"48":0,"49":4,"50":1,"51":3,"52":3,"53":3,"54":3,"55":3,"56":2,"57":1,"58":6,"59":1,"60":0,"61":1,"62":0,"63":1,"64":0,"65":1,"66":6,"67":3,"68":6,"69":2,"70":6,"71":2,"72":2,"73":2,"74":2,"75":2,"76":1,"77":1,"78":2,"79":2,"80":2,"81":2,"82":2,"83":2,"84":2,"85":2,"86":2,"87":5,"88":0},"f":{"0":5,"1":9,"2":9,"3":6,"4":6,"5":6,"6":1,"7":3,"8":2},"b":{"0":[3],"1":[1],"2":[1],"3":[1,0],"4":[4],"5":[4],"6":[6,2],"7":[1],"8":[0],"9":[1],"10":[4,2],"11":[1,2],"12":[2,1],"13":[0],"14":[1,0],"15":[0],"16":[0],"17":[2],"18":[1],"19":[0]}}
}
