TN:
SF:convert.ts
FN:17,createMetaFile
FN:25,(anonymous_2)
FN:35,removeInfoBlocks
FN:44,processMdxFile
FN:92,processDirectory
FN:100,(anonymous_6)
FN:154,(anonymous_7)
FN:164,(anonymous_8)
FN:172,main
FNF:9
FNH:9
FNDA:5,createMetaFile
FNDA:9,(anonymous_2)
FNDA:9,removeInfoBlocks
FNDA:6,processMdxFile
FNDA:6,processDirectory
FNDA:6,(anonymous_6)
FNDA:1,(anonymous_7)
FNDA:3,(anonymous_8)
FNDA:2,main
DA:1,5
DA:2,5
DA:3,5
DA:12,5
DA:17,5
DA:19,5
DA:20,3
DA:21,3
DA:24,5
DA:25,9
DA:28,5
DA:29,5
DA:35,5
DA:38,9
DA:44,5
DA:46,6
DA:49,6
DA:52,6
DA:53,1
DA:55,1
DA:61,1
DA:69,6
DA:72,6
DA:73,6
DA:74,4
DA:78,6
DA:79,6
DA:82,6
DA:83,6
DA:84,6
DA:86,6
DA:92,5
DA:94,6
DA:97,6
DA:100,6
DA:103,6
DA:104,6
DA:107,6
DA:108,5
DA:109,5
DA:112,5
DA:114,1
DA:115,1
DA:116,1
DA:117,1
DA:121,4
DA:122,0
DA:126,4
DA:127,1
DA:130,3
DA:133,3
DA:134,3
DA:137,3
DA:140,3
DA:141,2
DA:146,1
DA:154,6
DA:155,1
DA:156,0
DA:158,1
DA:159,1
DA:160,1
DA:164,6
DA:165,6
DA:166,2
DA:169,6
DA:172,5
DA:174,2
DA:177,2
DA:178,2
DA:179,2
DA:182,2
DA:184,1
DA:185,1
DA:189,2
DA:190,2
DA:193,2
DA:194,2
DA:197,2
DA:198,2
DA:199,2
DA:201,2
DA:204,2
DA:208,5
DA:209,0
LF:85
LH:82
BRDA:19,0,0,3
BRDA:44,1,0,1
BRDA:52,2,0,1
BRDA:53,3,0,1
BRDA:53,3,1,0
BRDA:73,4,0,4
BRDA:92,5,0,4
BRDA:97,6,0,6
BRDA:97,6,1,2
BRDA:112,7,0,1
BRDA:121,8,0,0
BRDA:126,9,0,1
BRDA:126,10,0,4
BRDA:126,10,1,2
BRDA:133,11,0,1
BRDA:133,11,1,2
BRDA:140,12,0,2
BRDA:140,12,1,1
BRDA:155,13,0,0
BRDA:155,14,0,1
BRDA:155,14,1,0
BRDA:158,15,0,0
BRDA:159,16,0,0
BRDA:165,17,0,2
BRDA:182,18,0,1
BRDA:208,19,0,0
BRF:26
BRH:19
end_of_record
